\BOOKMARK [1][-]{section*.2}{\376\377\000I\000n\000t\000r\000o\000d\000u\000c\000t\000i\000o\000n}{}% 1
\BOOKMARK [2][-]{section*.3}{\376\377\000T\000h\000e\000\040\000L\000i\000m\000i\000t\000s\000\040\000o\000f\000\040\000E\000x\000i\000s\000t\000i\000n\000g\000\040\000M\000e\000c\000h\000a\000n\000i\000s\000t\000i\000c\000\040\000A\000c\000c\000o\000u\000n\000t\000s}{section*.2}% 2
\BOOKMARK [2][-]{section*.4}{\376\377\000T\000h\000e\000\040\000F\000r\000e\000e\000\040\000E\000n\000e\000r\000g\000y\000\040\000P\000r\000i\000n\000c\000i\000p\000l\000e\000\040\000a\000s\000\040\000a\000\040\000U\000n\000i\000f\000y\000i\000n\000g\000\040\000F\000r\000a\000m\000e\000w\000o\000r\000k}{section*.2}% 3
\BOOKMARK [2][-]{section*.5}{\376\377\000P\000e\000r\000s\000o\000n\000a\000l\000i\000t\000y\000\040\000a\000s\000\040\000a\000\040\000F\000r\000e\000e\000\040\000E\000n\000e\000r\000g\000y\000\040\000L\000a\000n\000d\000s\000c\000a\000p\000e}{section*.2}% 4
\BOOKMARK [1][-]{section*.6}{\376\377\000T\000h\000e\000\040\000D\000e\000e\000p\000-\000S\000e\000l\000f\000\040\000P\000r\000e\000d\000i\000c\000t\000i\000v\000e\000\040\000C\000a\000s\000c\000a\000d\000e\000\040\000M\000o\000d\000e\000l}{}% 5
\BOOKMARK [2][-]{section*.8}{\376\377\000U\000l\000t\000r\000a\000-\000P\000r\000i\000o\000r\000s\000\040\000\050\000T\000h\000e\000\040\000D\000e\000e\000p\000\040\000S\000e\000l\000f\000\051}{section*.6}% 6
\BOOKMARK [3][-]{section*.9}{\376\377\000T\000h\000e\000\040\000E\000p\000i\000s\000t\000e\000m\000i\000c\000\040\000I\000m\000p\000e\000r\000a\000t\000i\000v\000e}{section*.8}% 7
\BOOKMARK [3][-]{section*.10}{\376\377\000T\000h\000e\000\040\000A\000l\000l\000o\000s\000t\000a\000t\000i\000c\000\040\000I\000m\000p\000e\000r\000a\000t\000i\000v\000e}{section*.8}% 8
\BOOKMARK [3][-]{section*.11}{\376\377\000T\000h\000e\000\040\000T\000e\000l\000e\000o\000l\000o\000g\000i\000c\000a\000l\000\040\000I\000m\000p\000e\000r\000a\000t\000i\000v\000e}{section*.8}% 9
\BOOKMARK [2][-]{section*.12}{\376\377\000C\000o\000r\000e\000\040\000A\000f\000f\000e\000c\000t\000i\000v\000e\000\040\000S\000t\000a\000t\000e\000s}{section*.6}% 10
\BOOKMARK [2][-]{section*.13}{\376\377\000P\000r\000e\000c\000i\000s\000i\000o\000n\000\040\000B\000i\000a\000s\000e\000s\000\040\000\050\000T\000h\000e\000\040\000S\000e\000l\000f\000\051}{section*.6}% 11
\BOOKMARK [3][-]{section*.14}{\376\377\000T\000h\000e\000\040\000M\000i\000n\000i\000m\000a\000l\000\040\000S\000e\000l\000f\000:\000\040\000I\000n\000t\000e\000r\000o\000c\000e\000p\000t\000i\000v\000e\000\040\000a\000n\000d\000\040\000B\000o\000u\000n\000d\000a\000r\000y\000\040\000B\000i\000a\000s\000e\000s}{section*.13}% 12
\BOOKMARK [3][-]{section*.15}{\376\377\000T\000h\000e\000\040\000A\000g\000e\000n\000t\000i\000c\000\040\000S\000e\000l\000f\000:\000\040\000E\000p\000i\000s\000t\000e\000m\000i\000c\000\040\000a\000n\000d\000\040\000V\000o\000l\000i\000t\000i\000o\000n\000a\000l\000\040\000B\000i\000a\000s\000e\000s}{section*.13}% 13
\BOOKMARK [3][-]{section*.16}{\376\377\000T\000h\000e\000\040\000N\000a\000r\000r\000a\000t\000i\000v\000e\000\040\000S\000e\000l\000f\000:\000\040\000T\000e\000m\000p\000o\000r\000a\000l\000\040\000a\000n\000d\000\040\000C\000o\000h\000e\000r\000e\000n\000c\000e\000\040\000B\000i\000a\000s\000e\000s}{section*.13}% 14
\BOOKMARK [2][-]{section*.17}{\376\377\000O\000b\000s\000e\000r\000v\000a\000b\000l\000e\000\040\000P\000e\000r\000s\000o\000n\000a\000l\000i\000t\000y\000\040\000P\000h\000e\000n\000o\000t\000y\000p\000e\000s}{section*.6}% 15
\BOOKMARK [1][-]{section*.18}{\376\377\000R\000e\000l\000a\000t\000i\000o\000n\000s\000h\000i\000p\000\040\000w\000i\000t\000h\000\040\000E\000x\000i\000s\000t\000i\000n\000g\000\040\000F\000r\000a\000m\000e\000w\000o\000r\000k\000s\000\040\000a\000n\000d\000\040\000C\000o\000n\000s\000t\000r\000u\000c\000t\000s}{}% 16
\BOOKMARK [2][-]{section*.19}{\376\377\000T\000r\000a\000i\000t\000\040\000a\000n\000d\000\040\000D\000i\000m\000e\000n\000s\000i\000o\000n\000a\000l\000\040\000T\000a\000x\000o\000n\000o\000m\000i\000e\000s}{section*.18}% 17
\BOOKMARK [3][-]{section*.20}{\376\377\000T\000h\000e\000\040\000B\000i\000g\000-\0005}{section*.19}% 18
\BOOKMARK [3][-]{section*.21}{\376\377\000P\000s\000y\000c\000h\000o\000p\000a\000t\000h\000o\000l\000o\000g\000y}{section*.19}% 19
\BOOKMARK [2][-]{section*.22}{\376\377\000C\000y\000b\000e\000r\000n\000e\000t\000i\000c\000\040\000a\000n\000d\000\040\000M\000o\000t\000i\000v\000a\000t\000i\000o\000n\000a\000l\000\040\000F\000r\000a\000m\000e\000w\000o\000r\000k\000s}{section*.18}% 20
\BOOKMARK [3][-]{section*.23}{\376\377\000C\000y\000b\000e\000r\000n\000e\000t\000i\000c\000\040\000B\000i\000g\000\040\000F\000i\000v\000e\000\040\000T\000h\000e\000o\000r\000y}{section*.22}% 21
\BOOKMARK [3][-]{section*.24}{\376\377\000R\000e\000i\000n\000f\000o\000r\000c\000e\000m\000e\000n\000t\000\040\000S\000e\000n\000s\000i\000t\000i\000v\000i\000t\000y\000\040\000T\000h\000e\000o\000r\000y}{section*.22}% 22
\BOOKMARK [3][-]{section*.25}{\376\377\000S\000e\000n\000s\000a\000t\000i\000o\000n\000\040\000S\000e\000e\000k\000i\000n\000g}{section*.22}% 23
\BOOKMARK [3][-]{section*.26}{\376\377\000T\000e\000m\000p\000e\000r\000a\000m\000e\000n\000t\000\040\000a\000n\000d\000\040\000C\000h\000a\000r\000a\000c\000t\000e\000r\000\040\000I\000n\000v\000e\000n\000t\000o\000r\000y}{section*.22}% 24
\BOOKMARK [2][-]{section*.27}{\376\377\000A\000f\000f\000e\000c\000t\000i\000v\000e\000\040\000a\000n\000d\000\040\000I\000n\000t\000e\000r\000o\000c\000e\000p\000t\000i\000v\000e\000\040\000F\000r\000a\000m\000e\000w\000o\000r\000k\000s}{section*.18}% 25
\BOOKMARK [3][-]{section*.28}{\376\377\000T\000h\000e\000\040\000T\000h\000e\000o\000r\000y\000\040\000o\000f\000\040\000C\000o\000n\000s\000t\000r\000u\000c\000t\000e\000d\000\040\000E\000m\000o\000t\000i\000o\000n}{section*.27}% 26
\BOOKMARK [3][-]{section*.29}{\376\377\000P\000r\000i\000m\000a\000r\000y\000\040\000E\000m\000o\000t\000i\000o\000n\000a\000l\000\040\000S\000y\000s\000t\000e\000m\000s}{section*.27}% 27
\BOOKMARK [2][-]{section*.30}{\376\377\000I\000n\000t\000e\000r\000p\000e\000r\000s\000o\000n\000a\000l\000\040\000a\000n\000d\000\040\000D\000e\000v\000e\000l\000o\000p\000m\000e\000n\000t\000a\000l\000\040\000S\000y\000s\000t\000e\000m\000s}{section*.18}% 28
\BOOKMARK [3][-]{section*.31}{\376\377\000A\000t\000t\000a\000c\000h\000m\000e\000n\000t\000\040\000T\000h\000e\000o\000r\000y}{section*.30}% 29
\BOOKMARK [3][-]{section*.32}{\376\377\000E\000m\000p\000a\000t\000h\000y\000,\000\040\000P\000s\000y\000c\000h\000o\000p\000a\000t\000h\000y\000,\000\040\000a\000n\000d\000\040\000N\000a\000r\000c\000i\000s\000s\000i\000s\000m}{section*.30}% 30
\BOOKMARK [2][-]{section*.33}{\376\377\000E\000x\000i\000s\000t\000e\000n\000t\000i\000a\000l\000\040\000a\000n\000d\000\040\000W\000o\000r\000l\000d\000v\000i\000e\000w\000\040\000S\000y\000s\000t\000e\000m\000s}{section*.18}% 31
\BOOKMARK [3][-]{section*.34}{\376\377\000P\000r\000i\000m\000a\000l\000\040\000W\000o\000r\000l\000d\000\040\000B\000e\000l\000i\000e\000f\000s}{section*.33}% 32
\BOOKMARK [3][-]{section*.35}{\376\377\000T\000e\000r\000r\000o\000r\000\040\000M\000a\000n\000a\000g\000e\000m\000e\000n\000t\000\040\000T\000h\000e\000o\000r\000y}{section*.33}% 33
\BOOKMARK [1][-]{section*.36}{\376\377\000E\000m\000p\000i\000r\000i\000c\000a\000l\000\040\000V\000a\000l\000i\000d\000a\000t\000i\000o\000n}{}% 34
\BOOKMARK [2][-]{section*.37}{\376\377\000A\000l\000i\000g\000n\000m\000e\000n\000t\000\040\000w\000i\000t\000h\000\040\000E\000x\000i\000s\000t\000i\000n\000g\000\040\000E\000v\000i\000d\000e\000n\000c\000e}{section*.36}% 35
\BOOKMARK [2][-]{section*.38}{\376\377\000N\000o\000v\000e\000l\000\040\000P\000r\000e\000d\000i\000c\000t\000i\000o\000n\000s}{section*.36}% 36
\BOOKMARK [2][-]{section*.39}{\376\377\000M\000e\000a\000s\000u\000r\000e\000m\000e\000n\000t\000\040\000S\000t\000r\000a\000t\000e\000g\000y}{section*.36}% 37
\BOOKMARK [1][-]{section*.40}{\376\377\000L\000i\000m\000i\000t\000a\000t\000i\000o\000n\000s}{}% 38
\BOOKMARK [1][-]{section*.41}{\376\377\000C\000o\000n\000c\000l\000u\000s\000i\000o\000n}{}% 39
